<?xml version="1.0" encoding="UTF-8"?>
<!-- Generated by org.testng.reporters.JUnitReportReporter -->
<testsuite skipped="0" hostname="DESKTOP-U1PMLAF" name="com.BlzAPI.getAPIValdation" tests="1" failures="0" timestamp="2020-10-29T13:13:05 IST" time="3.077" errors="0">
  <testcase name="validationapispaceX" time="3.077" classname="com.BlzAPI.getAPIValdation"/>
  <system-out/>
</testsuite> <!-- com.BlzAPI.getAPIValdation -->
