<?xml version="1.0" encoding="UTF-8"?>
<!-- Generated by org.testng.reporters.JUnitReportReporter -->
<testsuite hostname="DESKTOP-U1PMLAF" name="com.BlazeDemo.qa.testcases.BlazeDemo" tests="2" failures="0" timestamp="29 Oct 2020 05:24:14 GMT" time="39.630" errors="0">
  <testcase name="verifyItinaryReservation" time="26.851" classname="com.BlazeDemo.qa.testcases.BlazeDemo"/>
  <testcase name="verifydestinationOftheweek" time="12.779" classname="com.BlazeDemo.qa.testcases.BlazeDemo"/>
</testsuite> <!-- com.BlazeDemo.qa.testcases.BlazeDemo -->
