<?xml version="1.0" encoding="UTF-8"?>
<!-- Generated by org.testng.reporters.JUnitReportReporter -->
<testsuite skipped="0" hostname="DESKTOP-U1PMLAF" name="com.BlzDemo.testcases.BlzDemo" tests="2" failures="0" timestamp="2020-10-29T13:05:17 IST" time="27.537" errors="0">
  <testcase name="verifyItinaryReservation" time="14.455" classname="com.BlzDemo.testcases.BlzDemo"/>
  <system-out/>
  <testcase name="verifydestinationOftheweek" time="13.082" classname="com.BlzDemo.testcases.BlzDemo"/>
  <system-out/>
</testsuite> <!-- com.BlzDemo.testcases.BlzDemo -->
